app/build/intermediates/aapt_proguard_file/release/aapt_rules.txt
-keep class androidx.core.app.CoreComponentFactory { <init>(); }
-keep class com.google.android.gms.ads.AdActivity { <init>(); }
-keep class com.google.android.gms.ads.AdService { <init>(); }
-keep class com.google.android.gms.ads.MobileAdsInitProvider { <init>(); }
-keep class com.google.android.gms.common.api.GoogleApiActivity { <init>(); }
-keep class com.google.firebase.components.ComponentDiscoveryService { <init>(); }
-keep class com.google.firebase.provider.FirebaseInitProvider { <init>(); }
-keep class com.mapobed.tutionfeecollector.About.AboutActivity { <init>(); }
-keep class com.mapobed.tutionfeecollector.Class.ClassActivity { <init>(); }
-keep class com.mapobed.tutionfeecollector.Help.HelpActivity { <init>(); }
-keep class com.mapobed.tutionfeecollector.Home.Student.Mates.MatesStudentActivity { <init>(); }
-keep class com.mapobed.tutionfeecollector.Home.Student.Payment.PaymentPortal.StudentPaymentPortalActivity { <init>(); }
-keep class com.mapobed.tutionfeecollector.Home.Student.Payment.StudentMonthlyPaymentActivity { <init>(); }
-keep class com.mapobed.tutionfeecollector.Home.Student.Profile.Changee.ChangingEmailActivity { <init>(); }
-keep class com.mapobed.tutionfeecollector.Home.Student.Profile.Changee.ChangingPasswordActivity { <init>(); }
-keep class com.mapobed.tutionfeecollector.Home.Student.Profile.Changee.ChangingPhoneActivity { <init>(); }
-keep class com.mapobed.tutionfeecollector.Home.Student.Profile.StudentProfileActivity { <init>(); }
-keep class com.mapobed.tutionfeecollector.Home.Student.StudentActivity { <init>(); }
-keep class com.mapobed.tutionfeecollector.Home.Teacher.Payments.MonthBasedActivity { <init>(); }
-keep class com.mapobed.tutionfeecollector.Home.Teacher.Payments.StudentByMonth.ShowPaidStudentActivity { <init>(); }
-keep class com.mapobed.tutionfeecollector.Home.Teacher.Payments.StudentByMonth.StudentByMonthActivity { <init>(); }
-keep class com.mapobed.tutionfeecollector.Home.Teacher.Studentss.DetailsActivity.TeacherStudentDetailsActivity { <init>(); }
-keep class com.mapobed.tutionfeecollector.Home.Teacher.Studentss.MatesTeacherActivity { <init>(); }
-keep class com.mapobed.tutionfeecollector.Home.Teacher.Studentss.MatesTeacherFinalActivity { <init>(); }
-keep class com.mapobed.tutionfeecollector.Home.Teacher.Studentss.NewStudent.AddNewStudentActivity { <init>(); }
-keep class com.mapobed.tutionfeecollector.Home.Teacher.TeacherActivity { <init>(); }
-keep class com.mapobed.tutionfeecollector.Login.PreLoginActivity { <init>(); }
-keep class com.mapobed.tutionfeecollector.Login.StudentLoginActivity { <init>(); }
-keep class com.mapobed.tutionfeecollector.Login.TeacherLoginActivity { <init>(); }
-keep class com.mapobed.tutionfeecollector.Splash.SplashActivity { <init>(); }
-keep class android.widget.Space { <init>(android.content.Context, android.util.AttributeSet); }

-keep class androidx.appcompat.app.AlertController$RecycleListView { <init>(android.content.Context, android.util.AttributeSet); }

-keep class androidx.appcompat.view.menu.ActionMenuItemView { <init>(android.content.Context, android.util.AttributeSet); }

-keep class androidx.appcompat.view.menu.ExpandedMenuView { <init>(android.content.Context, android.util.AttributeSet); }

-keep class androidx.appcompat.view.menu.ListMenuItemView { <init>(android.content.Context, android.util.AttributeSet); }

-keep class androidx.appcompat.widget.ActionBarContainer { <init>(android.content.Context, android.util.AttributeSet); }

-keep class androidx.appcompat.widget.ActionBarContextView { <init>(android.content.Context, android.util.AttributeSet); }

-keep class androidx.appcompat.widget.ActionBarOverlayLayout { <init>(android.content.Context, android.util.AttributeSet); }

-keep class androidx.appcompat.widget.ActionMenuView { <init>(android.content.Context, android.util.AttributeSet); }

-keep class androidx.appcompat.widget.ActivityChooserView$InnerLayout { <init>(android.content.Context, android.util.AttributeSet); }

-keep class androidx.appcompat.widget.AlertDialogLayout { <init>(android.content.Context, android.util.AttributeSet); }

-keep class androidx.appcompat.widget.ButtonBarLayout { <init>(android.content.Context, android.util.AttributeSet); }

-keep class androidx.appcompat.widget.ContentFrameLayout { <init>(android.content.Context, android.util.AttributeSet); }

-keep class androidx.appcompat.widget.DialogTitle { <init>(android.content.Context, android.util.AttributeSet); }

-keep class androidx.appcompat.widget.FitWindowsFrameLayout { <init>(android.content.Context, android.util.AttributeSet); }

-keep class androidx.appcompat.widget.FitWindowsLinearLayout { <init>(android.content.Context, android.util.AttributeSet); }

-keep class androidx.appcompat.widget.SearchView$SearchAutoComplete { <init>(android.content.Context, android.util.AttributeSet); }

-keep class androidx.appcompat.widget.Toolbar { <init>(android.content.Context, android.util.AttributeSet); }

-keep class androidx.appcompat.widget.ViewStubCompat { <init>(android.content.Context, android.util.AttributeSet); }

-keep class androidx.browser.browseractions.BrowserActionsFallbackMenuView { <init>(android.content.Context, android.util.AttributeSet); }

-keep class androidx.cardview.widget.CardView { <init>(android.content.Context, android.util.AttributeSet); }

-keep class androidx.constraintlayout.widget.ConstraintLayout { <init>(android.content.Context, android.util.AttributeSet); }

-keep class androidx.coordinatorlayout.widget.CoordinatorLayout { <init>(android.content.Context, android.util.AttributeSet); }

-keep class androidx.core.widget.NestedScrollView { <init>(android.content.Context, android.util.AttributeSet); }

-keep class androidx.recyclerview.widget.RecyclerView { <init>(android.content.Context, android.util.AttributeSet); }

-keep class com.airbnb.lottie.LottieAnimationView { <init>(android.content.Context, android.util.AttributeSet); }

-keep class com.google.android.gms.ads.AdView { <init>(android.content.Context, android.util.AttributeSet); }

-keep class com.google.android.material.floatingactionbutton.FloatingActionButton { <init>(android.content.Context, android.util.AttributeSet); }

-keep class com.google.android.material.internal.BaselineLayout { <init>(android.content.Context, android.util.AttributeSet); }

-keep class com.google.android.material.internal.CheckableImageButton { <init>(android.content.Context, android.util.AttributeSet); }

-keep class com.google.android.material.internal.NavigationMenuItemView { <init>(android.content.Context, android.util.AttributeSet); }

-keep class com.google.android.material.internal.NavigationMenuView { <init>(android.content.Context, android.util.AttributeSet); }

-keep class com.google.android.material.snackbar.Snackbar$SnackbarLayout { <init>(android.content.Context, android.util.AttributeSet); }

-keep class com.google.android.material.snackbar.SnackbarContentLayout { <init>(android.content.Context, android.util.AttributeSet); }

-keep class com.google.android.material.textfield.TextInputEditText { <init>(android.content.Context, android.util.AttributeSet); }

-keep class com.google.android.material.textfield.TextInputLayout { <init>(android.content.Context, android.util.AttributeSet); }