app/build/outputs/mapping/release/seeds.txt
com.mapobed.tutionfeecollector.Home.Teacher.TeacherActivity
com.mapobed.tutionfeecollector.Login.StudentLoginActivity: StudentLoginActivity()
com.mapobed.tutionfeecollector.Login.TeacherLoginActivity
com.mapobed.tutionfeecollector.Home.Student.Profile.Changee.ChangingPasswordActivity: ChangingPasswordActivity()
com.mapobed.tutionfeecollector.Login.StudentLoginActivity
com.mapobed.tutionfeecollector.Home.Student.Profile.Changee.ChangingEmailActivity
com.mapobed.tutionfeecollector.Home.Student.Profile.Changee.ChangingEmailActivity: ChangingEmailActivity()
com.mapobed.tutionfeecollector.Home.Student.Payment.PaymentPortal.StudentPaymentPortalActivity: StudentPaymentPortalActivity()
com.mapobed.tutionfeecollector.Home.Student.Payment.StudentMonthlyPaymentActivity: StudentMonthlyPaymentActivity()
com.mapobed.tutionfeecollector.Home.Student.Profile.Changee.ChangingPhoneActivity: ChangingPhoneActivity()
com.mapobed.tutionfeecollector.Home.Student.Payment.StudentMonthlyPaymentActivity
com.mapobed.tutionfeecollector.Splash.SplashActivity
com.mapobed.tutionfeecollector.Home.Student.Profile.Changee.ChangingPhoneActivity
com.mapobed.tutionfeecollector.Home.Teacher.Payments.StudentByMonth.StudentByMonthActivity: StudentByMonthActivity()
com.mapobed.tutionfeecollector.Home.Teacher.Studentss.MatesTeacherActivity: MatesTeacherActivity()
com.mapobed.tutionfeecollector.Class.ClassActivity
com.mapobed.tutionfeecollector.Home.Teacher.Payments.StudentByMonth.ShowPaidStudentActivity: ShowPaidStudentActivity()
com.mapobed.tutionfeecollector.Home.Teacher.TeacherActivity: TeacherActivity()
com.mapobed.tutionfeecollector.Help.HelpActivity: HelpActivity()
com.mapobed.tutionfeecollector.Home.Student.StudentActivity: StudentActivity()
com.mapobed.tutionfeecollector.Home.Teacher.Payments.StudentByMonth.ShowPaidStudentActivity
com.mapobed.tutionfeecollector.Home.Teacher.Payments.StudentByMonth.StudentByMonthActivity
com.mapobed.tutionfeecollector.About.AboutActivity: AboutActivity()
com.mapobed.tutionfeecollector.Home.Teacher.Payments.MonthBasedActivity: MonthBasedActivity()
com.mapobed.tutionfeecollector.Home.Teacher.Studentss.MatesTeacherFinalActivity
com.mapobed.tutionfeecollector.Home.Teacher.Studentss.NewStudent.AddNewStudentActivity
com.mapobed.tutionfeecollector.Home.Student.Mates.MatesStudentActivity
com.mapobed.tutionfeecollector.Home.Teacher.Studentss.DetailsActivity.TeacherStudentDetailsActivity
com.mapobed.tutionfeecollector.Login.TeacherLoginActivity: TeacherLoginActivity()
com.mapobed.tutionfeecollector.Home.Student.StudentActivity
com.mapobed.tutionfeecollector.Home.Student.Payment.PaymentPortal.StudentPaymentPortalActivity
com.mapobed.tutionfeecollector.Home.Teacher.Studentss.DetailsActivity.TeacherStudentDetailsActivity: TeacherStudentDetailsActivity()
com.mapobed.tutionfeecollector.Class.ClassActivity: ClassActivity()
com.mapobed.tutionfeecollector.Login.PreLoginActivity: PreLoginActivity()
com.mapobed.tutionfeecollector.Home.Teacher.Studentss.NewStudent.AddNewStudentActivity: AddNewStudentActivity()
com.mapobed.tutionfeecollector.Home.Teacher.Studentss.MatesTeacherFinalActivity: MatesTeacherFinalActivity()
com.mapobed.tutionfeecollector.Home.Student.Mates.MatesStudentActivity: MatesStudentActivity()
com.mapobed.tutionfeecollector.Home.Teacher.Payments.MonthBasedActivity
com.mapobed.tutionfeecollector.About.AboutActivity
com.mapobed.tutionfeecollector.Home.Student.Profile.StudentProfileActivity: StudentProfileActivity()
com.mapobed.tutionfeecollector.Home.Teacher.Studentss.MatesTeacherActivity
com.mapobed.tutionfeecollector.Home.Student.Profile.StudentProfileActivity
com.mapobed.tutionfeecollector.Home.Student.Profile.Changee.ChangingPasswordActivity
com.mapobed.tutionfeecollector.Splash.SplashActivity: SplashActivity()
com.mapobed.tutionfeecollector.Help.HelpActivity
com.mapobed.tutionfeecollector.Login.PreLoginActivity
...
com.google.android.material.R$drawable: int abc_control_background_material
com.google.android.material.R$styleable: int MenuItem_actionViewClass
com.google.android.material.R$styleable: int NavigationView_itemHorizontalPadding
com.google.android.material.button.MaterialButton: int getCornerRadius()
androidx.appcompat.R$style: int ThemeOverlay_AppCompat
androidx.appcompat.R$attr: int indeterminateProgressStyle
androidx.appcompat.R$styleable: int[] ViewStubCompat
com.google.android.gms.internal.ads.zzua$zzw: com.google.android.gms.internal.ads.zzua$zzx zzcfx
com.google.android.material.R$attr: int layout_collapseMode
com.google.android.material.R$attr: int keylines
com.google.android.material.R$styleable: int PopupWindow_android_popupBackground
com.google.android.material.R$color: int abc_input_method_navigation_guard
com.google.android.material.appbar.AppBarLayout: void setOrientation(int)
com.google.android.material.R$styleable: int AppCompatTheme_colorAccent
com.airbnb.lottie.R$styleable: int[] PopupWindow
com.google.android.material.R$attr: int itemTextAppearance
com.google.android.material.button.MaterialButton: android.content.res.ColorStateList getIconTint()
com.google.android.material.R$dimen: int fastscroll_default_thickness
com.google.android.gms.internal.ads.zzcf$zza: java.lang.String zzfk
com.google.android.material.R$style: int Base_V7_Theme_AppCompat_Dialog
androidx.appcompat.widget.AppCompatRadioButton
com.google.android.material.R$attr: int listMenuViewStyle
androidx.appcompat.widget.ActionBarContextView: int getAnimatedVisibility()
com.google.android.gms.internal.ads.zzua$zzv: com.google.android.gms.internal.ads.zzua$zzw zzcfk
androidx.savedstate.SavedStateRegistry$1
com.google.android.material.R$layout: int design_navigation_item_subheader
com.airbnb.lottie.R$styleable: int MenuItem_showAsAction
com.google.android.gms.internal.ads.zzbdf: int getVideoWidth()
androidx.appcompat.R$attr: int paddingTopNoTitle
androidx.appcompat.widget.SearchView: void setOnQueryTextFocusChangeListener(android.view.View$OnFocusChangeListener)
com.google.android.gms.internal.ads.zzua$zzi
androidx.cardview.R$color: int cardview_light_background
com.google.android.material.R$dimen: int highlight_alpha_material_colored
androidx.appcompat.widget.AppCompatSpinner: android.content.Context getPopupContext()
androidx.appcompat.R$id: int accessibility_custom_action_8
androidx.appcompat.R$styleable: int SearchView_defaultQueryHint
com.airbnb.lottie.R$styleable: int ActionMode_background
com.airbnb.lottie.LottieAnimationView: int getFrame()
com.google.android.gms.internal.ads.zzua$zzi: com.google.android.gms.internal.ads.zzua$zzb zzccf
androidx.appcompat.R$attr: int ratingBarStyle
com.google.android.material.R$color: int design_default_color_primary
androidx.appcompat.R$style: int Base_TextAppearance_AppCompat_Widget_Button_Colored
com.google.android.material.R$styleable: int AppCompatTheme_spinnerStyle
com.google.android.material.R$styleable: int MenuView_android_windowAnimationStyle
androidx.appcompat.widget.MenuPopupWindow$MenuDropDownListView: void setSelector(android.graphics.drawable.Drawable)
androidx.recyclerview.R$styleable: int[] FontFamilyFont
com.google.android.material.R$attr: int navigationMode
androidx.appcompat.R$style: int Base_V7_Theme_AppCompat
com.google.android.material.floatingactionbutton.FloatingActionButton: void setUseCompatPadding(boolean)
androidx.appcompat.R$styleable: int Toolbar_titleMarginBottom
androidx.recyclerview.R$styleable: int CoordinatorLayout_keylines
com.google.android.material.R$attr: int listPreferredItemHeightSmall
androidx.recyclerview.R$styleable: int RecyclerView_fastScrollVerticalThumbDrawable
com.airbnb.lottie.R$styleable: int[] AnimatedStateListDrawableTransition
androidx.constraintlayout.widget.R$id: int right
androidx.appcompat.R$styleable: int GradientColor_android_startColor
androidx.core.R$styleable: int GradientColorItem_android_offset