app/build/outputs/mapping/release/usage.txt
com.mapobed.tutionfeecollector.R$layout
com.mapobed.tutionfeecollector.R$id
com.mapobed.tutionfeecollector.R$attr
com.mapobed.tutionfeecollector.R$drawable
com.mapobed.tutionfeecollector.R$font
com.mapobed.tutionfeecollector.R$interpolator
com.mapobed.tutionfeecollector.R$integer
com.mapobed.tutionfeecollector.R$animator
com.mapobed.tutionfeecollector.Home.HorizontalRecyclerModelClass:
    public void setId(java.lang.String)
    public void setImage(int)
com.mapobed.tutionfeecollector.Home.Teacher.Payments.StudentByMonth.PaidStudentModelClass:
    public void <init>(java.lang.String,java.lang.String,java.lang.String,java.lang.String)
com.mapobed.tutionfeecollector.R$string
com.mapobed.tutionfeecollector.Home.Student.Mates.StudentMatesModelClass:
    public void <init>(java.lang.String,java.lang.String,java.lang.String,java.lang.String)
com.mapobed.tutionfeecollector.Home.Teacher.Studentss.MatesTeacherModelClass:
    public void setNamee(java.lang.String)
    public void setImg(int)
com.mapobed.tutionfeecollector.R$style
com.mapobed.tutionfeecollector.R$bool
com.mapobed.tutionfeecollector.R$anim
com.mapobed.tutionfeecollector.R$array
com.mapobed.tutionfeecollector.BuildConfig
com.mapobed.tutionfeecollector.R$color
com.mapobed.tutionfeecollector.Home.Student.Payment.PaymentPortal.StudentPaymentPortalActivity:
    private static final int PDF_MAKER
    public static final java.lang.String GOOGLE_PAY_PACKAGE_NAME
    public static final java.lang.String PAYTM_PACKAGE_NAME
    public static final java.lang.String PHONE_PAY_PACKAGE_NAME
com.mapobed.tutionfeecollector.Home.Student.Payment.PaymentPortal.StudentPaymentModelClass:
    public void <init>()
    public java.lang.String getPayment_date()
    public void setPayment_date(java.lang.String)
    public java.lang.String getName()
    public void setName(java.lang.String)
    public java.lang.String getUsername()
    public void setUsername(java.lang.String)
    public java.lang.String getMode()
    public void setMode(java.lang.String)
    public int getAmount()
    public void setAmount(int)
    public int getSemester()
    public void setSemester(int)
com.mapobed.tutionfeecollector.R$styleable
com.mapobed.tutionfeecollector.R
com.mapobed.tutionfeecollector.R$mipmap
com.mapobed.tutionfeecollector.Home.Student.Payment.PaymentPortal.StudentPaymentPortalActivity$5$1$1:
    public void onRewardedAdOpened()
    public void onRewardedAdClosed()
    public void onUserEarnedReward(com.google.android.gms.ads.rewarded.RewardItem)
com.mapobed.tutionfeecollector.Home.Student.Payment.StudentMonthlyPaymentActivity:
    private com.google.firebase.database.DatabaseReference reference
com.mapobed.tutionfeecollector.Home.Teacher.Payments.MonthBasedModelClass:
    public void setName(java.lang.String)
    public void setPic(int)
com.mapobed.tutionfeecollector.R$raw
com.mapobed.tutionfeecollector.Home.Student.Payment.PaymentPortal.StudentPaymentPortalActivity$LoadAdError
com.mapobed.tutionfeecollector.R$dimen
com.mapobed.tutionfeecollector.Home.Student.Payment.PaymentPortal.StudentPaymentBottomSheetDialogue:
    public static synthetic com.mapobed.tutionfeecollector.Home.Student.Payment.PaymentPortal.StudentPaymentBottomSheetDialogue$BottomSheetButtonListener access$000(com.mapobed.tutionfeecollector.Home.Student.Payment.PaymentPortal.StudentPaymentBottomSheetDialogue)
com.mapobed.tutionfeecollector.Home.Teacher.Payments.MonthBasedAdapter:
    public static synthetic java.util.List access$000(com.mapobed.tutionfeecollector.Home.Teacher.Payments.MonthBasedAdapter)
    public com.mapobed.tutionfeecollector.Home.Teacher.Payments.MonthBasedAdapter$MonthBasedHolder onCreateViewHolder(android.view.ViewGroup)
    public void onBindViewHolder(com.mapobed.tutionfeecollector.Home.Teacher.Payments.MonthBasedAdapter$MonthBasedHolder,int)
...
androidx.core.util.Preconditions
com.google.firebase.database.core.Repo:
    public static com.google.firebase.database.DatabaseError fromErrorCode(java.lang.String,java.lang.String)
    public static void access$000(com.google.firebase.database.core.Repo)
    public static synthetic com.google.firebase.database.logging.LogWrapper access$100(com.google.firebase.database.core.Repo)
    public static synthetic com.google.firebase.database.connection.PersistentConnection access$200(com.google.firebase.database.core.Repo)
    public static synthetic com.google.firebase.database.core.SnapshotHolder access$300(com.google.firebase.database.core.Repo)
    public static synthetic com.google.firebase.database.core.SyncTree access$400(com.google.firebase.database.core.Repo)
    public static synthetic void access$500(com.google.firebase.database.core.Repo,java.util.List)
    public static synthetic com.google.firebase.database.core.SyncTree access$1000(com.google.firebase.database.core.Repo)
    public static synthetic com.google.firebase.database.core.Path access$1100(com.google.firebase.database.core.Repo,com.google.firebase.database.core.Path,int)
    public static synthetic com.google.firebase.database.core.Path access$1200(com.google.firebase.database.core.Repo,com.google.firebase.database.core.Path)
    public static synthetic void access$1900(com.google.firebase.database.core.Repo,com.google.firebase.database.core.utilities.Tree)
com.google.android.gms.internal.ads.zzbrz:
    public static com.google.android.gms.internal.ads.zzbrz zzd(com.google.android.gms.internal.ads.zzeph,com.google.android.gms.internal.ads.zzeph)
androidx.core.widget.CompoundButtonCompat
com.google.android.gms.ads.query.QueryInfo
com.google.android.gms.internal.ads.zzefn$zza:
    public final com.google.android.gms.internal.ads.zzefn$zza zzfk()
    public final com.google.android.gms.internal.ads.zzefn$zza zzb(com.google.android.gms.internal.ads.zzefq)
com.google.android.material.floatingactionbutton.FloatingActionButtonImpl$DisabledElevationAnimation:
    public final synthetic com.google.android.material.floatingactionbutton.FloatingActionButtonImpl this$0
com.google.firebase.heartbeatinfo.DefaultHeartBeatInfo$$Lambda$1:
    public static com.google.firebase.components.ComponentFactory lambdaFactory$()
com.google.android.gms.internal.ads.zzdbo:
    public final synthetic com.google.android.gms.internal.ads.zzdbp zzark()
com.airbnb.lottie.utils.MiscUtils:
    public static void getPathFromData(com.airbnb.lottie.model.content.ShapeData,android.graphics.Path)
    public static int floorMod(int,int)
    public static int floorDiv(int,int)
com.google.android.gms.internal.ads.zzecl:
    public final int zzazc()
    public final com.google.android.gms.internal.ads.zzdzv zzn(byte[])
com.google.android.gms.internal.ads.zzjb:
    public void <init>(com.google.android.gms.internal.ads.zzlw,com.google.android.gms.internal.ads.zzjs,boolean)
    public void <init>(com.google.android.gms.internal.ads.zzlw,com.google.android.gms.internal.ads.zzjs,boolean,android.os.Handler,com.google.android.gms.internal.ads.zzig)
    public varargs void <init>(com.google.android.gms.internal.ads.zzlw,com.google.android.gms.internal.ads.zzjs,boolean,com.google.android.gms.internal.ads.zzie[])
    public static void zzx()
    public static void zzgd()
    public static void zza()
    public static synthetic com.google.android.gms.internal.ads.zzij zza(com.google.android.gms.internal.ads.zzjb)
    public static synthetic boolean zza(com.google.android.gms.internal.ads.zzjb)
    public final boolean zzba(java.lang.String)
com.google.android.gms.internal.ads.zzbsl:
    public static com.google.android.gms.internal.ads.zzbsl zzk(com.google.android.gms.internal.ads.zzeph,com.google.android.gms.internal.ads.zzeph)
com.airbnb.lottie.parser.moshi.JsonScope